[25-Mar-2024 23:37:18 UTC] PHP Deprecated:  Hook http_api_transports is deprecated since version 6.4.0 with no alternative available. in /wordpress/wp-includes/functions.php on line 140
[25-Mar-2024 23:37:18 UTC] PHP Warning:  An unexpected error occurred. Something may be wrong with WordPress.org or this server&#8217;s configuration. If you continue to have problems, please try the <a href="https://wordpress.org/support/forums/">support forums</a>. (WordPress could not establish a secure connection to WordPress.org. Please contact your server administrator.) in /wordpress/wp-includes/update.php on line 2
[25-Mar-2024 23:37:18 UTC] PHP Deprecated:  Hook http_api_transports is deprecated since version 6.4.0 with no alternative available. in /wordpress/wp-includes/functions.php on line 140
[25-Mar-2024 23:37:18 UTC] PHP Warning:  An unexpected error occurred. Something may be wrong with WordPress.org or this server&#8217;s configuration. If you continue to have problems, please try the <a href="https://wordpress.org/support/forums/">support forums</a>. (WordPress could not establish a secure connection to WordPress.org. Please contact your server administrator.) in /wordpress/wp-includes/update.php on line 2
[25-Mar-2024 23:37:18 UTC] PHP Deprecated:  Hook http_api_transports is deprecated since version 6.4.0 with no alternative available. in /wordpress/wp-includes/functions.php on line 140
[25-Mar-2024 23:37:18 UTC] PHP Warning:  An unexpected error occurred. Something may be wrong with WordPress.org or this server&#8217;s configuration. If you continue to have problems, please try the <a href="https://wordpress.org/support/forums/">support forums</a>. (WordPress could not establish a secure connection to WordPress.org. Please contact your server administrator.) in /wordpress/wp-includes/update.php on line 2
[25-Mar-2024 23:37:18 UTC] PHP Deprecated:  Hook http_api_transports is deprecated since version 6.4.0 with no alternative available. in /wordpress/wp-includes/functions.php on line 140
[25-Mar-2024 23:37:22 UTC] PHP Deprecated:  Hook http_api_transports is deprecated since version 6.4.0 with no alternative available. in /wordpress/wp-includes/functions.php on line 140
[25-Mar-2024 23:37:25 UTC] PHP Deprecated:  Hook http_api_transports is deprecated since version 6.4.0 with no alternative available. in /wordpress/wp-includes/functions.php on line 140
[25-Mar-2024 23:37:26 UTC] PHP Deprecated:  Hook http_api_transports is deprecated since version 6.4.0 with no alternative available. in /wordpress/wp-includes/functions.php on line 140
[25-Mar-2024 23:37:30 UTC] PHP Deprecated:  Hook http_api_transports is deprecated since version 6.4.0 with no alternative available. in /wordpress/wp-includes/functions.php on line 140
[25-Mar-2024 23:37:30 UTC] PHP Warning:  An unexpected error occurred. Something may be wrong with WordPress.org or this server&#8217;s configuration. If you continue to have problems, please try the <a href="https://wordpress.org/support/forums/">support forums</a>. (WordPress could not establish a secure connection to WordPress.org. Please contact your server administrator.) in /wordpress/wp-includes/update.php on line 2
[25-Mar-2024 23:37:32 UTC] PHP Deprecated:  Hook http_api_transports is deprecated since version 6.4.0 with no alternative available. in /wordpress/wp-includes/functions.php on line 140
[25-Mar-2024 23:37:32 UTC] PHP Warning:  An unexpected error occurred. Something may be wrong with WordPress.org or this server&#8217;s configuration. If you continue to have problems, please try the <a href="https://wordpress.org/support/forums/">support forums</a>. (WordPress could not establish a secure connection to WordPress.org. Please contact your server administrator.) in /wordpress/wp-admin/includes/plugin-install.php on line 2
[25-Mar-2024 23:37:32 UTC] PHP Deprecated:  Hook http_api_transports is deprecated since version 6.4.0 with no alternative available. in /wordpress/wp-includes/functions.php on line 140
[25-Mar-2024 23:37:32 UTC] PHP Warning:  An unexpected error occurred. Something may be wrong with WordPress.org or this server&#8217;s configuration. If you continue to have problems, please try the <a href="https://wordpress.org/support/forums/">support forums</a>. (WordPress could not establish a secure connection to WordPress.org. Please contact your server administrator.) in /wordpress/wp-admin/includes/plugin-install.php on line 2
[25-Mar-2024 23:37:34 UTC] PHP Deprecated:  Hook http_api_transports is deprecated since version 6.4.0 with no alternative available. in /wordpress/wp-includes/functions.php on line 140
[25-Mar-2024 23:37:34 UTC] PHP Warning:  An unexpected error occurred. Something may be wrong with WordPress.org or this server&#8217;s configuration. If you continue to have problems, please try the <a href="https://wordpress.org/support/forums/">support forums</a>. (WordPress could not establish a secure connection to WordPress.org. Please contact your server administrator.) in /wordpress/wp-includes/update.php on line 2
[25-Mar-2024 23:37:43 UTC] PHP Deprecated:  Hook http_api_transports is deprecated since version 6.4.0 with no alternative available. in /wordpress/wp-includes/functions.php on line 140
[25-Mar-2024 23:37:51 UTC] PHP Deprecated:  Hook http_api_transports is deprecated since version 6.4.0 with no alternative available. in /wordpress/wp-includes/functions.php on line 140
[25-Mar-2024 23:37:51 UTC] PHP Deprecated:  Hook http_api_transports is deprecated since version 6.4.0 with no alternative available. in /wordpress/wp-includes/functions.php on line 140
[25-Mar-2024 23:37:54 UTC] PHP Deprecated:  Hook http_api_transports is deprecated since version 6.4.0 with no alternative available. in /wordpress/wp-includes/functions.php on line 140
[25-Mar-2024 23:37:54 UTC] PHP Warning:  An unexpected error occurred. Something may be wrong with WordPress.org or this server&#8217;s configuration. If you continue to have problems, please try the <a href="https://wordpress.org/support/forums/">support forums</a>. (WordPress could not establish a secure connection to WordPress.org. Please contact your server administrator.) in /wordpress/wp-includes/update.php on line 2
[25-Mar-2024 23:37:56 UTC] PHP Deprecated:  Hook http_api_transports is deprecated since version 6.4.0 with no alternative available. in /wordpress/wp-includes/functions.php on line 140
[25-Mar-2024 23:37:59 UTC] PHP Deprecated:  Hook http_api_transports is deprecated since version 6.4.0 with no alternative available. in /wordpress/wp-includes/functions.php on line 140
[25-Mar-2024 23:38:09 UTC] PHP Deprecated:  Hook http_api_transports is deprecated since version 6.4.0 with no alternative available. in /wordpress/wp-includes/functions.php on line 140
[25-Mar-2024 23:38:09 UTC] PHP Warning:  An unexpected error occurred. Something may be wrong with WordPress.org or this server&#8217;s configuration. If you continue to have problems, please try the <a href="https://wordpress.org/support/forums/">support forums</a>. (WordPress could not establish a secure connection to WordPress.org. Please contact your server administrator.) in /wordpress/wp-includes/update.php on line 2
[25-Mar-2024 23:47:26 UTC] PHP Deprecated:  Hook http_api_transports is deprecated since version 6.4.0 with no alternative available. in /wordpress/wp-includes/functions.php on line 140
[25-Mar-2024 23:47:28 UTC] PHP Deprecated:  Hook http_api_transports is deprecated since version 6.4.0 with no alternative available. in /wordpress/wp-includes/functions.php on line 140
[25-Mar-2024 23:47:28 UTC] PHP Warning:  An unexpected error occurred. Something may be wrong with WordPress.org or this server&#8217;s configuration. If you continue to have problems, please try the <a href="https://wordpress.org/support/forums/">support forums</a>. (WordPress could not establish a secure connection to WordPress.org. Please contact your server administrator.) in /wordpress/wp-includes/update.php on line 2
[25-Mar-2024 23:47:32 UTC] PHP Deprecated:  Hook http_api_transports is deprecated since version 6.4.0 with no alternative available. in /wordpress/wp-includes/functions.php on line 140
[25-Mar-2024 23:47:42 UTC] PHP Deprecated:  Hook http_api_transports is deprecated since version 6.4.0 with no alternative available. in /wordpress/wp-includes/functions.php on line 140
[25-Mar-2024 23:47:42 UTC] PHP Deprecated:  Hook http_api_transports is deprecated since version 6.4.0 with no alternative available. in /wordpress/wp-includes/functions.php on line 140
[25-Mar-2024 23:48:34 UTC] PHP Deprecated:  Hook http_api_transports is deprecated since version 6.4.0 with no alternative available. in /wordpress/wp-includes/functions.php on line 140
[25-Mar-2024 23:48:34 UTC] PHP Deprecated:  Hook http_api_transports is deprecated since version 6.4.0 with no alternative available. in /wordpress/wp-includes/functions.php on line 140
[25-Mar-2024 23:48:48 UTC] PHP Deprecated:  Hook http_api_transports is deprecated since version 6.4.0 with no alternative available. in /wordpress/wp-includes/functions.php on line 140
[25-Mar-2024 23:49:23 UTC] PHP Deprecated:  Hook http_api_transports is deprecated since version 6.4.0 with no alternative available. in /wordpress/wp-includes/functions.php on line 140
[25-Mar-2024 23:49:35 UTC] PHP Deprecated:  Hook http_api_transports is deprecated since version 6.4.0 with no alternative available. in /wordpress/wp-includes/functions.php on line 140
[25-Mar-2024 23:49:58 UTC] PHP Deprecated:  Hook http_api_transports is deprecated since version 6.4.0 with no alternative available. in /wordpress/wp-includes/functions.php on line 140
[25-Mar-2024 23:51:30 UTC] PHP Deprecated:  Hook http_api_transports is deprecated since version 6.4.0 with no alternative available. in /wordpress/wp-includes/functions.php on line 140
[25-Mar-2024 23:51:30 UTC] PHP Warning:  An unexpected error occurred. Something may be wrong with WordPress.org or this server&#8217;s configuration. If you continue to have problems, please try the <a href="https://wordpress.org/support/forums/">support forums</a>. (WordPress could not establish a secure connection to WordPress.org. Please contact your server administrator.) in /wordpress/wp-admin/includes/translation-install.php on line 2
[25-Mar-2024 23:55:01 UTC] PHP Deprecated:  Hook http_api_transports is deprecated since version 6.4.0 with no alternative available. in /wordpress/wp-includes/functions.php on line 140
[25-Mar-2024 23:55:01 UTC] PHP Warning:  An unexpected error occurred. Something may be wrong with WordPress.org or this server&#8217;s configuration. If you continue to have problems, please try the <a href="https://wordpress.org/support/forums/">support forums</a>. (WordPress could not establish a secure connection to WordPress.org. Please contact your server administrator.) in /wordpress/wp-admin/includes/translation-install.php on line 2
[25-Mar-2024 23:55:07 UTC] WordPress database error <div style="clear:both">&nbsp;</div>
<div class="queries" style="clear:both;margin-bottom:2px;border:red dotted thin;">
<p>MySQL query:</p>
<p>UPDATE `wp_options` SET `option_value` = NULL WHERE `option_name` = 'WPLANG'</p>
<p>Queries made or created this session were:</p>
<ol>
<li>Executing: BEGIN | (no parameters)</li>
<li>Executing: UPDATE `wp_options` SET `option_value` = NULL WHERE `option_name` = :param0  | parameters: WPLANG</li>
<li>Executing: ROLLBACK | (no parameters)</li>
</ol>
</div>
<div style="clear:both;margin-bottom:2px;border:red dotted thin;" class="error_message" style="border-bottom:dotted blue thin;">
Error occurred at line 3449 in Function <code>handle_error</code>. Error message was: SQLSTATE[23000]: Integrity constraint violation: 19 NOT NULL constraint failed: wp_options.option_value.
</div>
<p>Backtrace:</p>
<pre>#0 /wordpress/wp-content/mu-plugins/sqlite-database-integration/wp-includes/sqlite/class-wp-sqlite-db.php(287): WP_SQLite_Translator->get_error_message()
#1 /wordpress/wp-includes/class-wpdb.php(3): WP_SQLite_DB->query('UPDATE `wp_opti...')
#2 /wordpress/wp-includes/option.php(2): wpdb->update('wp_options', Array, Array)
#3 /wordpress/wp-admin/options.php(2): update_option('WPLANG', NULL)
#4 {main}</pre>
 for query UPDATE `wp_options` SET `option_value` = NULL WHERE `option_name` = 'WPLANG' made by update_option, WP_SQLite_DB->query, WP_SQLite_DB->print_error
[25-Mar-2024 23:55:16 UTC] PHP Deprecated:  Hook http_api_transports is deprecated since version 6.4.0 with no alternative available. in /wordpress/wp-includes/functions.php on line 140
[25-Mar-2024 23:55:16 UTC] PHP Deprecated:  Hook http_api_transports is deprecated since version 6.4.0 with no alternative available. in /wordpress/wp-includes/functions.php on line 140
[25-Mar-2024 23:55:32 UTC] PHP Deprecated:  Hook http_api_transports is deprecated since version 6.4.0 with no alternative available. in /wordpress/wp-includes/functions.php on line 140
[25-Mar-2024 23:55:32 UTC] PHP Deprecated:  Hook http_api_transports is deprecated since version 6.4.0 with no alternative available. in /wordpress/wp-includes/functions.php on line 140
[25-Mar-2024 23:55:50 UTC] PHP Deprecated:  Hook http_api_transports is deprecated since version 6.4.0 with no alternative available. in /wordpress/wp-includes/functions.php on line 140
[25-Mar-2024 23:56:00 UTC] PHP Deprecated:  Hook http_api_transports is deprecated since version 6.4.0 with no alternative available. in /wordpress/wp-includes/functions.php on line 140
[25-Mar-2024 23:56:00 UTC] PHP Deprecated:  Hook http_api_transports is deprecated since version 6.4.0 with no alternative available. in /wordpress/wp-includes/functions.php on line 140
[25-Mar-2024 23:56:59 UTC] PHP Deprecated:  Hook http_api_transports is deprecated since version 6.4.0 with no alternative available. in /wordpress/wp-includes/functions.php on line 140
[25-Mar-2024 23:57:15 UTC] PHP Deprecated:  Hook http_api_transports is deprecated since version 6.4.0 with no alternative available. in /wordpress/wp-includes/functions.php on line 140
[25-Mar-2024 23:57:15 UTC] PHP Deprecated:  Hook http_api_transports is deprecated since version 6.4.0 with no alternative available. in /wordpress/wp-includes/functions.php on line 140
[25-Mar-2024 23:57:35 UTC] PHP Deprecated:  Hook http_api_transports is deprecated since version 6.4.0 with no alternative available. in /wordpress/wp-includes/functions.php on line 140
[25-Mar-2024 23:57:36 UTC] PHP Deprecated:  Hook http_api_transports is deprecated since version 6.4.0 with no alternative available. in /wordpress/wp-includes/functions.php on line 140
[25-Mar-2024 23:57:51 UTC] PHP Deprecated:  Hook http_api_transports is deprecated since version 6.4.0 with no alternative available. in /wordpress/wp-includes/functions.php on line 140
[25-Mar-2024 23:59:52 UTC] PHP Deprecated:  Hook http_api_transports is deprecated since version 6.4.0 with no alternative available. in /wordpress/wp-includes/functions.php on line 140
[25-Mar-2024 23:59:53 UTC] PHP Deprecated:  Hook http_api_transports is deprecated since version 6.4.0 with no alternative available. in /wordpress/wp-includes/functions.php on line 140
[25-Mar-2024 23:59:59 UTC] PHP Deprecated:  Hook http_api_transports is deprecated since version 6.4.0 with no alternative available. in /wordpress/wp-includes/functions.php on line 140
[26-Mar-2024 00:00:38 UTC] PHP Deprecated:  Hook http_api_transports is deprecated since version 6.4.0 with no alternative available. in /wordpress/wp-includes/functions.php on line 140
[26-Mar-2024 00:03:11 UTC] PHP Deprecated:  Hook http_api_transports is deprecated since version 6.4.0 with no alternative available. in /wordpress/wp-includes/functions.php on line 140
[26-Mar-2024 00:03:11 UTC] PHP Deprecated:  Hook http_api_transports is deprecated since version 6.4.0 with no alternative available. in /wordpress/wp-includes/functions.php on line 140
[26-Mar-2024 00:03:21 UTC] PHP Deprecated:  Hook http_api_transports is deprecated since version 6.4.0 with no alternative available. in /wordpress/wp-includes/functions.php on line 140
[26-Mar-2024 00:04:14 UTC] PHP Deprecated:  Hook http_api_transports is deprecated since version 6.4.0 with no alternative available. in /wordpress/wp-includes/functions.php on line 140
[26-Mar-2024 00:04:27 UTC] PHP Deprecated:  Hook http_api_transports is deprecated since version 6.4.0 with no alternative available. in /wordpress/wp-includes/functions.php on line 140
[26-Mar-2024 00:04:27 UTC] PHP Deprecated:  Hook http_api_transports is deprecated since version 6.4.0 with no alternative available. in /wordpress/wp-includes/functions.php on line 140
[26-Mar-2024 00:04:48 UTC] PHP Deprecated:  Hook http_api_transports is deprecated since version 6.4.0 with no alternative available. in /wordpress/wp-includes/functions.php on line 140
[26-Mar-2024 00:09:08 UTC] PHP Deprecated:  Hook http_api_transports is deprecated since version 6.4.0 with no alternative available. in /wordpress/wp-includes/functions.php on line 140
[26-Mar-2024 00:09:08 UTC] PHP Deprecated:  Hook http_api_transports is deprecated since version 6.4.0 with no alternative available. in /wordpress/wp-includes/functions.php on line 140
[26-Mar-2024 00:09:20 UTC] PHP Deprecated:  Hook http_api_transports is deprecated since version 6.4.0 with no alternative available. in /wordpress/wp-includes/functions.php on line 140
[26-Mar-2024 00:10:01 UTC] PHP Deprecated:  Hook http_api_transports is deprecated since version 6.4.0 with no alternative available. in /wordpress/wp-includes/functions.php on line 140
[26-Mar-2024 00:10:01 UTC] PHP Warning:  An unexpected error occurred. Something may be wrong with WordPress.org or this server&#8217;s configuration. If you continue to have problems, please try the <a href="https://wordpress.org/support/forums/">support forums</a>. (WordPress could not establish a secure connection to WordPress.org. Please contact your server administrator.) in /wordpress/wp-includes/update.php on line 2
[26-Mar-2024 00:10:04 UTC] PHP Deprecated:  Hook http_api_transports is deprecated since version 6.4.0 with no alternative available. in /wordpress/wp-includes/functions.php on line 140
[26-Mar-2024 00:10:09 UTC] PHP Deprecated:  Hook http_api_transports is deprecated since version 6.4.0 with no alternative available. in /wordpress/wp-includes/functions.php on line 140
[26-Mar-2024 00:10:18 UTC] PHP Deprecated:  Hook http_api_transports is deprecated since version 6.4.0 with no alternative available. in /wordpress/wp-includes/functions.php on line 140
[26-Mar-2024 00:10:19 UTC] PHP Deprecated:  Hook http_api_transports is deprecated since version 6.4.0 with no alternative available. in /wordpress/wp-includes/functions.php on line 140
[26-Mar-2024 00:10:21 UTC] PHP Deprecated:  Hook http_api_transports is deprecated since version 6.4.0 with no alternative available. in /wordpress/wp-includes/functions.php on line 140
[26-Mar-2024 00:10:27 UTC] PHP Deprecated:  Hook http_api_transports is deprecated since version 6.4.0 with no alternative available. in /wordpress/wp-includes/functions.php on line 140
[26-Mar-2024 00:10:28 UTC] PHP Deprecated:  Hook http_api_transports is deprecated since version 6.4.0 with no alternative available. in /wordpress/wp-includes/functions.php on line 140
[26-Mar-2024 00:10:28 UTC] PHP Deprecated:  Hook http_api_transports is deprecated since version 6.4.0 with no alternative available. in /wordpress/wp-includes/functions.php on line 140
[26-Mar-2024 00:10:33 UTC] PHP Deprecated:  Hook http_api_transports is deprecated since version 6.4.0 with no alternative available. in /wordpress/wp-includes/functions.php on line 140
[26-Mar-2024 00:10:33 UTC] PHP Warning:  An unexpected error occurred. Something may be wrong with WordPress.org or this server&#8217;s configuration. If you continue to have problems, please try the <a href="https://wordpress.org/support/forums/">support forums</a>. (WordPress could not establish a secure connection to WordPress.org. Please contact your server administrator.) in /wordpress/wp-includes/update.php on line 2
[26-Mar-2024 00:10:44 UTC] PHP Deprecated:  Hook http_api_transports is deprecated since version 6.4.0 with no alternative available. in /wordpress/wp-includes/functions.php on line 140
[26-Mar-2024 00:25:26 UTC] PHP Deprecated:  Hook http_api_transports is deprecated since version 6.4.0 with no alternative available. in /wordpress/wp-includes/functions.php on line 140
[26-Mar-2024 00:25:27 UTC] PHP Deprecated:  Hook http_api_transports is deprecated since version 6.4.0 with no alternative available. in /wordpress/wp-includes/functions.php on line 140
[26-Mar-2024 00:26:02 UTC] PHP Deprecated:  Hook http_api_transports is deprecated since version 6.4.0 with no alternative available. in /wordpress/wp-includes/functions.php on line 140
[26-Mar-2024 00:26:02 UTC] PHP Warning:  An unexpected error occurred. Something may be wrong with WordPress.org or this server&#8217;s configuration. If you continue to have problems, please try the <a href="https://wordpress.org/support/forums/">support forums</a>. (WordPress could not establish a secure connection to WordPress.org. Please contact your server administrator.) in /wordpress/wp-includes/update.php on line 2
[26-Mar-2024 00:26:04 UTC] PHP Deprecated:  Hook http_api_transports is deprecated since version 6.4.0 with no alternative available. in /wordpress/wp-includes/functions.php on line 140
[26-Mar-2024 00:26:04 UTC] PHP Warning:  An unexpected error occurred. Something may be wrong with WordPress.org or this server&#8217;s configuration. If you continue to have problems, please try the <a href="https://wordpress.org/support/forums/">support forums</a>. (WordPress could not establish a secure connection to WordPress.org. Please contact your server administrator.) in /wordpress/wp-includes/update.php on line 2
[26-Mar-2024 00:26:06 UTC] PHP Deprecated:  Hook http_api_transports is deprecated since version 6.4.0 with no alternative available. in /wordpress/wp-includes/functions.php on line 140
[26-Mar-2024 00:26:06 UTC] PHP Warning:  An unexpected error occurred. Something may be wrong with WordPress.org or this server&#8217;s configuration. If you continue to have problems, please try the <a href="https://wordpress.org/support/forums/">support forums</a>. (WordPress could not establish a secure connection to WordPress.org. Please contact your server administrator.) in /wordpress/wp-includes/update.php on line 2
[26-Mar-2024 00:26:08 UTC] PHP Deprecated:  Hook http_api_transports is deprecated since version 6.4.0 with no alternative available. in /wordpress/wp-includes/functions.php on line 140
[26-Mar-2024 00:26:08 UTC] PHP Warning:  An unexpected error occurred. Something may be wrong with WordPress.org or this server&#8217;s configuration. If you continue to have problems, please try the <a href="https://wordpress.org/support/forums/">support forums</a>. (WordPress could not establish a secure connection to WordPress.org. Please contact your server administrator.) in /wordpress/wp-includes/update.php on line 2
[26-Mar-2024 00:26:16 UTC] PHP Deprecated:  Hook http_api_transports is deprecated since version 6.4.0 with no alternative available. in /wordpress/wp-includes/functions.php on line 140
[26-Mar-2024 00:26:16 UTC] PHP Warning:  An unexpected error occurred. Something may be wrong with WordPress.org or this server&#8217;s configuration. If you continue to have problems, please try the <a href="https://wordpress.org/support/forums/">support forums</a>. (WordPress could not establish a secure connection to WordPress.org. Please contact your server administrator.) in /wordpress/wp-includes/update.php on line 2
[26-Mar-2024 00:26:18 UTC] PHP Deprecated:  Hook http_api_transports is deprecated since version 6.4.0 with no alternative available. in /wordpress/wp-includes/functions.php on line 140
[26-Mar-2024 00:26:18 UTC] PHP Warning:  An unexpected error occurred. Something may be wrong with WordPress.org or this server&#8217;s configuration. If you continue to have problems, please try the <a href="https://wordpress.org/support/forums/">support forums</a>. (WordPress could not establish a secure connection to WordPress.org. Please contact your server administrator.) in /wordpress/wp-includes/update.php on line 2
[26-Mar-2024 00:26:19 UTC] PHP Deprecated:  Hook http_api_transports is deprecated since version 6.4.0 with no alternative available. in /wordpress/wp-includes/functions.php on line 140
[26-Mar-2024 00:26:19 UTC] PHP Warning:  An unexpected error occurred. Something may be wrong with WordPress.org or this server&#8217;s configuration. If you continue to have problems, please try the <a href="https://wordpress.org/support/forums/">support forums</a>. (WordPress could not establish a secure connection to WordPress.org. Please contact your server administrator.) in /wordpress/wp-admin/includes/translation-install.php on line 2
[26-Mar-2024 00:26:20 UTC] PHP Deprecated:  Hook http_api_transports is deprecated since version 6.4.0 with no alternative available. in /wordpress/wp-includes/functions.php on line 140
[26-Mar-2024 00:26:20 UTC] PHP Warning:  An unexpected error occurred. Something may be wrong with WordPress.org or this server&#8217;s configuration. If you continue to have problems, please try the <a href="https://wordpress.org/support/forums/">support forums</a>. (WordPress could not establish a secure connection to WordPress.org. Please contact your server administrator.) in /wordpress/wp-admin/includes/translation-install.php on line 2
[26-Mar-2024 00:26:24 UTC] PHP Deprecated:  Hook http_api_transports is deprecated since version 6.4.0 with no alternative available. in /wordpress/wp-includes/functions.php on line 140
[26-Mar-2024 00:26:24 UTC] PHP Warning:  An unexpected error occurred. Something may be wrong with WordPress.org or this server&#8217;s configuration. If you continue to have problems, please try the <a href="https://wordpress.org/support/forums/">support forums</a>. (WordPress could not establish a secure connection to WordPress.org. Please contact your server administrator.) in /wordpress/wp-includes/update.php on line 2
[26-Mar-2024 00:26:25 UTC] PHP Deprecated:  Hook http_api_transports is deprecated since version 6.4.0 with no alternative available. in /wordpress/wp-includes/functions.php on line 140
[26-Mar-2024 00:26:25 UTC] PHP Warning:  An unexpected error occurred. Something may be wrong with WordPress.org or this server&#8217;s configuration. If you continue to have problems, please try the <a href="https://wordpress.org/support/forums/">support forums</a>. (WordPress could not establish a secure connection to WordPress.org. Please contact your server administrator.) in /wordpress/wp-includes/update.php on line 2
[26-Mar-2024 00:26:50 UTC] PHP Deprecated:  Hook http_api_transports is deprecated since version 6.4.0 with no alternative available. in /wordpress/wp-includes/functions.php on line 140
[26-Mar-2024 00:27:03 UTC] PHP Deprecated:  Hook http_api_transports is deprecated since version 6.4.0 with no alternative available. in /wordpress/wp-includes/functions.php on line 140
[26-Mar-2024 00:27:03 UTC] PHP Deprecated:  Hook http_api_transports is deprecated since version 6.4.0 with no alternative available. in /wordpress/wp-includes/functions.php on line 140
[26-Mar-2024 00:27:14 UTC] PHP Deprecated:  Hook http_api_transports is deprecated since version 6.4.0 with no alternative available. in /wordpress/wp-includes/functions.php on line 140
[26-Mar-2024 00:27:33 UTC] PHP Deprecated:  Hook http_api_transports is deprecated since version 6.4.0 with no alternative available. in /wordpress/wp-includes/functions.php on line 140
[26-Mar-2024 00:27:50 UTC] PHP Deprecated:  Hook http_api_transports is deprecated since version 6.4.0 with no alternative available. in /wordpress/wp-includes/functions.php on line 140
[26-Mar-2024 00:28:17 UTC] PHP Deprecated:  Hook http_api_transports is deprecated since version 6.4.0 with no alternative available. in /wordpress/wp-includes/functions.php on line 140
[26-Mar-2024 00:28:37 UTC] PHP Deprecated:  Hook http_api_transports is deprecated since version 6.4.0 with no alternative available. in /wordpress/wp-includes/functions.php on line 140
[26-Mar-2024 00:28:37 UTC] PHP Deprecated:  Hook http_api_transports is deprecated since version 6.4.0 with no alternative available. in /wordpress/wp-includes/functions.php on line 140
[26-Mar-2024 00:28:44 UTC] PHP Deprecated:  Hook http_api_transports is deprecated since version 6.4.0 with no alternative available. in /wordpress/wp-includes/functions.php on line 140
[26-Mar-2024 00:28:58 UTC] PHP Deprecated:  Hook http_api_transports is deprecated since version 6.4.0 with no alternative available. in /wordpress/wp-includes/functions.php on line 140
[26-Mar-2024 00:30:06 UTC] PHP Deprecated:  Hook http_api_transports is deprecated since version 6.4.0 with no alternative available. in /wordpress/wp-includes/functions.php on line 140
[26-Mar-2024 00:30:06 UTC] PHP Deprecated:  Hook http_api_transports is deprecated since version 6.4.0 with no alternative available. in /wordpress/wp-includes/functions.php on line 140
[26-Mar-2024 00:30:16 UTC] PHP Deprecated:  Hook http_api_transports is deprecated since version 6.4.0 with no alternative available. in /wordpress/wp-includes/functions.php on line 140
[26-Mar-2024 00:30:57 UTC] PHP Deprecated:  Hook http_api_transports is deprecated since version 6.4.0 with no alternative available. in /wordpress/wp-includes/functions.php on line 140
[26-Mar-2024 00:30:57 UTC] PHP Deprecated:  Hook http_api_transports is deprecated since version 6.4.0 with no alternative available. in /wordpress/wp-includes/functions.php on line 140
[26-Mar-2024 00:31:03 UTC] PHP Deprecated:  Hook http_api_transports is deprecated since version 6.4.0 with no alternative available. in /wordpress/wp-includes/functions.php on line 140
[26-Mar-2024 00:31:24 UTC] PHP Deprecated:  Hook http_api_transports is deprecated since version 6.4.0 with no alternative available. in /wordpress/wp-includes/functions.php on line 140
[26-Mar-2024 00:32:03 UTC] PHP Deprecated:  Hook http_api_transports is deprecated since version 6.4.0 with no alternative available. in /wordpress/wp-includes/functions.php on line 140
[26-Mar-2024 00:32:19 UTC] PHP Deprecated:  Hook http_api_transports is deprecated since version 6.4.0 with no alternative available. in /wordpress/wp-includes/functions.php on line 140
[26-Mar-2024 00:32:35 UTC] PHP Deprecated:  Hook http_api_transports is deprecated since version 6.4.0 with no alternative available. in /wordpress/wp-includes/functions.php on line 140
[26-Mar-2024 00:39:38 UTC] PHP Deprecated:  Hook http_api_transports is deprecated since version 6.4.0 with no alternative available. in /wordpress/wp-includes/functions.php on line 140
[26-Mar-2024 00:54:05 UTC] PHP Deprecated:  Hook http_api_transports is deprecated since version 6.4.0 with no alternative available. in /wordpress/wp-includes/functions.php on line 140
[26-Mar-2024 00:54:07 UTC] PHP Deprecated:  Hook http_api_transports is deprecated since version 6.4.0 with no alternative available. in /wordpress/wp-includes/functions.php on line 140
[26-Mar-2024 00:54:42 UTC] PHP Deprecated:  Hook http_api_transports is deprecated since version 6.4.0 with no alternative available. in /wordpress/wp-includes/functions.php on line 140
[26-Mar-2024 00:54:42 UTC] PHP Deprecated:  Hook http_api_transports is deprecated since version 6.4.0 with no alternative available. in /wordpress/wp-includes/functions.php on line 140
[26-Mar-2024 00:54:48 UTC] PHP Deprecated:  Hook http_api_transports is deprecated since version 6.4.0 with no alternative available. in /wordpress/wp-includes/functions.php on line 140
[26-Mar-2024 00:56:15 UTC] PHP Deprecated:  Hook http_api_transports is deprecated since version 6.4.0 with no alternative available. in /wordpress/wp-includes/functions.php on line 140
[26-Mar-2024 00:56:15 UTC] PHP Deprecated:  Hook http_api_transports is deprecated since version 6.4.0 with no alternative available. in /wordpress/wp-includes/functions.php on line 140
[26-Mar-2024 00:56:25 UTC] PHP Deprecated:  Hook http_api_transports is deprecated since version 6.4.0 with no alternative available. in /wordpress/wp-includes/functions.php on line 140
[26-Mar-2024 00:56:26 UTC] PHP Deprecated:  Hook http_api_transports is deprecated since version 6.4.0 with no alternative available. in /wordpress/wp-includes/functions.php on line 140
[26-Mar-2024 00:56:32 UTC] PHP Deprecated:  Hook http_api_transports is deprecated since version 6.4.0 with no alternative available. in /wordpress/wp-includes/functions.php on line 140
[26-Mar-2024 00:57:13 UTC] PHP Deprecated:  Hook http_api_transports is deprecated since version 6.4.0 with no alternative available. in /wordpress/wp-includes/functions.php on line 140
[26-Mar-2024 00:57:13 UTC] PHP Deprecated:  Hook http_api_transports is deprecated since version 6.4.0 with no alternative available. in /wordpress/wp-includes/functions.php on line 140
[26-Mar-2024 00:57:31 UTC] PHP Deprecated:  Hook http_api_transports is deprecated since version 6.4.0 with no alternative available. in /wordpress/wp-includes/functions.php on line 140
[26-Mar-2024 00:57:31 UTC] PHP Deprecated:  Hook http_api_transports is deprecated since version 6.4.0 with no alternative available. in /wordpress/wp-includes/functions.php on line 140
[26-Mar-2024 00:57:42 UTC] PHP Deprecated:  Hook http_api_transports is deprecated since version 6.4.0 with no alternative available. in /wordpress/wp-includes/functions.php on line 140
[26-Mar-2024 01:00:19 UTC] PHP Deprecated:  Hook http_api_transports is deprecated since version 6.4.0 with no alternative available. in /wordpress/wp-includes/functions.php on line 140
[26-Mar-2024 01:03:31 UTC] PHP Deprecated:  Hook http_api_transports is deprecated since version 6.4.0 with no alternative available. in /wordpress/wp-includes/functions.php on line 140
[26-Mar-2024 01:06:38 UTC] PHP Deprecated:  Hook http_api_transports is deprecated since version 6.4.0 with no alternative available. in /wordpress/wp-includes/functions.php on line 140
[26-Mar-2024 01:06:38 UTC] PHP Deprecated:  Hook http_api_transports is deprecated since version 6.4.0 with no alternative available. in /wordpress/wp-includes/functions.php on line 140
[26-Mar-2024 01:08:22 UTC] PHP Deprecated:  Hook http_api_transports is deprecated since version 6.4.0 with no alternative available. in /wordpress/wp-includes/functions.php on line 140
[26-Mar-2024 01:09:45 UTC] PHP Deprecated:  Hook http_api_transports is deprecated since version 6.4.0 with no alternative available. in /wordpress/wp-includes/functions.php on line 140
[26-Mar-2024 01:10:49 UTC] PHP Deprecated:  Hook http_api_transports is deprecated since version 6.4.0 with no alternative available. in /wordpress/wp-includes/functions.php on line 140
[26-Mar-2024 01:10:50 UTC] PHP Deprecated:  Hook http_api_transports is deprecated since version 6.4.0 with no alternative available. in /wordpress/wp-includes/functions.php on line 140
[26-Mar-2024 01:12:49 UTC] PHP Deprecated:  Hook http_api_transports is deprecated since version 6.4.0 with no alternative available. in /wordpress/wp-includes/functions.php on line 140
[26-Mar-2024 01:12:50 UTC] PHP Deprecated:  Hook http_api_transports is deprecated since version 6.4.0 with no alternative available. in /wordpress/wp-includes/functions.php on line 140
[26-Mar-2024 01:18:52 UTC] PHP Deprecated:  Hook http_api_transports is deprecated since version 6.4.0 with no alternative available. in /wordpress/wp-includes/functions.php on line 140
[26-Mar-2024 01:18:59 UTC] PHP Deprecated:  Hook http_api_transports is deprecated since version 6.4.0 with no alternative available. in /wordpress/wp-includes/functions.php on line 140
